Building DAG of jobs...
Updating job 17 (aggregate_alignments).
Using shell: /bin/bash
Provided cores: 1 (use --cores to define parallelism)
Rules claiming more threads will be scaled down.
Job counts:
	count	jobs
	1	all
	1	export
	1	fix_colorings
	1	incorporate_travel_history
	1	tip_frequencies
	5

[Thu May 21 17:51:33 2020]
Job 6: Exporting data files for for auspice


        augur export v2             --tree results/tree.nwk             --metadata results/metadata_adjusted.tsv             --node-data results/branch_lengths.json results/nt_muts.json results/aa_muts.json results/traits.json results/clades.json results/recency.json             --auspice-config config/auspice_config.json             --colors config/colors.tsv             --lat-longs config/lat_longs.tsv             --title 'Genomic epidemiology of novel coronavirus'             --description config/description.md             --output results/ncov_with_accessions.json
        
[Thu May 21 17:52:00 2020]
Error in rule export:
    jobid: 6
    output: results/ncov_with_accessions.json
    shell:
        
        augur export v2             --tree results/tree.nwk             --metadata results/metadata_adjusted.tsv             --node-data results/branch_lengths.json results/nt_muts.json results/aa_muts.json results/traits.json results/clades.json results/recency.json             --auspice-config config/auspice_config.json             --colors config/colors.tsv             --lat-longs config/lat_longs.tsv             --title 'Genomic epidemiology of novel coronavirus'             --description config/description.md             --output results/ncov_with_accessions.json
        
        (one of the commands exited with non-zero exit code; note that snakemake uses bash strict mode!)

Removing output files of failed job export since they might be corrupted:
results/ncov_with_accessions.json
Shutting down, this might take some time.
Exiting because a job execution failed. Look above for error message
Complete log: /nextstrain/build/.snakemake/log/2020-05-21T175131.734553.snakemake.log
