Building DAG of jobs...
Using shell: /bin/bash
Provided cores: 1 (use --cores to define parallelism)
Rules claiming more threads will be scaled down.
Job counts:
	count	jobs
	1	adjust_metadata
	1	aggregate_alignments
	1	all
	1	ancestral
	1	clades
	1	colors
	1	export
	1	filter
	1	fix_colorings
	1	incorporate_travel_history
	1	mask
	1	partition_sequences
	1	recency
	1	refine
	1	subsample
	1	tip_frequencies
	1	traits
	1	translate
	1	tree
	19

[Wed Jun 10 19:02:26 2020]
Job 19: 
        Filtering to
          - excluding strains in config/exclude.txt
          - minimum genome length of 25000
        


        augur filter             --sequences data/sequences.fasta             --metadata data/metadata.tsv             --include config/include.txt             --exclude config/exclude.txt             --exclude-where date='2020' date='2020-01-XX' date='2020-02-XX' date='2020-03-XX' date='2020-04-XX' date='2020-01' date='2020-02' date='2020-03' date='2020-04'            --min-length 25000             --group-by division year month             --sequences-per-group 4             --output results/filtered.fasta
        
[Wed Jun 10 19:03:20 2020]
Finished job 19.
1 of 19 steps (5%) done

[Wed Jun 10 19:03:20 2020]
checkpoint partition_sequences:
    input: results/filtered.fasta
    output: results/split_sequences/pre/
    jobid: 18
Downstream jobs will be updated after completion.


        python3 scripts/partition-sequences.py             --sequences results/filtered.fasta             --sequences-per-group 150             --output-dir results/split_sequences/pre/
        
Updating job 17 (aggregate_alignments).
[Wed Jun 10 19:03:26 2020]
Finished job 18.
2 of 61 steps (3%) done

[Wed Jun 10 19:03:26 2020]
rule adjust_metadata:
    input: data/metadata.tsv
    output: results/metadata_adjusted.tsv
    jobid: 5
    wildcards: region=


        cp data/metadata.tsv results/metadata_adjusted.tsv
        
[Wed Jun 10 19:03:28 2020]
Finished job 5.
3 of 61 steps (5%) done

[Wed Jun 10 19:03:28 2020]
Job 7: Constructing colors file


        python3 scripts/assign-colors.py             --ordering config/ordering.tsv             --color-schemes config/color_schemes.tsv             --output config/colors.tsv             --metadata results/metadata_adjusted.tsv
        
[Wed Jun 10 19:03:33 2020]
Finished job 7.
4 of 61 steps (7%) done

[Wed Jun 10 19:03:33 2020]
Job 15: Use metadata on submission date to construct submission recency field


        python3 scripts/construct-recency-from-submission-date.py             --metadata results/metadata_adjusted.tsv             --output results/recency.json
        
[Wed Jun 10 19:03:49 2020]
Finished job 15.
5 of 61 steps (8%) done

[Wed Jun 10 19:03:49 2020]
Job 48: 
        partitions_intermediate: Copying sequence fastas
        14
        

cp results/split_sequences/pre/14.fasta results/split_sequences/post/14.fasta
[Wed Jun 10 19:03:50 2020]
Finished job 48.
6 of 61 steps (10%) done

[Wed Jun 10 19:03:50 2020]
Job 27: 
        Aligning sequences to config/reference.gb
          - gaps relative to reference are considered real
        Cluster:  14
        


        augur align             --sequences results/split_sequences/post/14.fasta             --reference-sequence config/reference.gb             --output results/split_alignments/14.fasta             --nthreads 1             --remove-reference             --fill-gaps
        
[Wed Jun 10 19:04:53 2020]
Finished job 27.
7 of 61 steps (11%) done

[Wed Jun 10 19:04:53 2020]
Job 45: 
        partitions_intermediate: Copying sequence fastas
        11
        

cp results/split_sequences/pre/11.fasta results/split_sequences/post/11.fasta
[Wed Jun 10 19:04:53 2020]
Finished job 45.
8 of 61 steps (13%) done

[Wed Jun 10 19:04:53 2020]
Job 24: 
        Aligning sequences to config/reference.gb
          - gaps relative to reference are considered real
        Cluster:  11
        


        augur align             --sequences results/split_sequences/post/11.fasta             --reference-sequence config/reference.gb             --output results/split_alignments/11.fasta             --nthreads 1             --remove-reference             --fill-gaps
        
[Wed Jun 10 19:05:49 2020]
Finished job 24.
9 of 61 steps (15%) done

[Wed Jun 10 19:05:49 2020]
Job 58: 
        partitions_intermediate: Copying sequence fastas
        5
        

cp results/split_sequences/pre/5.fasta results/split_sequences/post/5.fasta
[Wed Jun 10 19:05:50 2020]
Finished job 58.
10 of 61 steps (16%) done

[Wed Jun 10 19:05:50 2020]
Job 37: 
        Aligning sequences to config/reference.gb
          - gaps relative to reference are considered real
        Cluster:  5
        


        augur align             --sequences results/split_sequences/post/5.fasta             --reference-sequence config/reference.gb             --output results/split_alignments/5.fasta             --nthreads 1             --remove-reference             --fill-gaps
        
[Wed Jun 10 19:06:47 2020]
Finished job 37.
11 of 61 steps (18%) done

[Wed Jun 10 19:06:47 2020]
Job 60: 
        partitions_intermediate: Copying sequence fastas
        7
        

cp results/split_sequences/pre/7.fasta results/split_sequences/post/7.fasta
[Wed Jun 10 19:06:48 2020]
Finished job 60.
12 of 61 steps (20%) done

[Wed Jun 10 19:06:48 2020]
Job 39: 
        Aligning sequences to config/reference.gb
          - gaps relative to reference are considered real
        Cluster:  7
        


        augur align             --sequences results/split_sequences/post/7.fasta             --reference-sequence config/reference.gb             --output results/split_alignments/7.fasta             --nthreads 1             --remove-reference             --fill-gaps
        
[Wed Jun 10 19:07:46 2020]
Finished job 39.
13 of 61 steps (21%) done

[Wed Jun 10 19:07:46 2020]
Job 50: 
        partitions_intermediate: Copying sequence fastas
        16
        

cp results/split_sequences/pre/16.fasta results/split_sequences/post/16.fasta
[Wed Jun 10 19:07:46 2020]
Finished job 50.
14 of 61 steps (23%) done

[Wed Jun 10 19:07:46 2020]
Job 29: 
        Aligning sequences to config/reference.gb
          - gaps relative to reference are considered real
        Cluster:  16
        


        augur align             --sequences results/split_sequences/post/16.fasta             --reference-sequence config/reference.gb             --output results/split_alignments/16.fasta             --nthreads 1             --remove-reference             --fill-gaps
        
[Wed Jun 10 19:08:42 2020]
Finished job 29.
15 of 61 steps (25%) done

[Wed Jun 10 19:08:42 2020]
Job 46: 
        partitions_intermediate: Copying sequence fastas
        12
        

cp results/split_sequences/pre/12.fasta results/split_sequences/post/12.fasta
[Wed Jun 10 19:08:42 2020]
Finished job 46.
16 of 61 steps (26%) done

[Wed Jun 10 19:08:42 2020]
Job 25: 
        Aligning sequences to config/reference.gb
          - gaps relative to reference are considered real
        Cluster:  12
        


        augur align             --sequences results/split_sequences/post/12.fasta             --reference-sequence config/reference.gb             --output results/split_alignments/12.fasta             --nthreads 1             --remove-reference             --fill-gaps
        
[Wed Jun 10 19:09:39 2020]
Finished job 25.
17 of 61 steps (28%) done

[Wed Jun 10 19:09:39 2020]
Job 59: 
        partitions_intermediate: Copying sequence fastas
        6
        

cp results/split_sequences/pre/6.fasta results/split_sequences/post/6.fasta
[Wed Jun 10 19:09:40 2020]
Finished job 59.
18 of 61 steps (30%) done

[Wed Jun 10 19:09:40 2020]
Job 38: 
        Aligning sequences to config/reference.gb
          - gaps relative to reference are considered real
        Cluster:  6
        


        augur align             --sequences results/split_sequences/post/6.fasta             --reference-sequence config/reference.gb             --output results/split_alignments/6.fasta             --nthreads 1             --remove-reference             --fill-gaps
        
[Wed Jun 10 19:10:40 2020]
Finished job 38.
19 of 61 steps (31%) done

[Wed Jun 10 19:10:40 2020]
Job 57: 
        partitions_intermediate: Copying sequence fastas
        4
        

cp results/split_sequences/pre/4.fasta results/split_sequences/post/4.fasta
[Wed Jun 10 19:10:40 2020]
Finished job 57.
20 of 61 steps (33%) done

[Wed Jun 10 19:10:41 2020]
Job 36: 
        Aligning sequences to config/reference.gb
          - gaps relative to reference are considered real
        Cluster:  4
        


        augur align             --sequences results/split_sequences/post/4.fasta             --reference-sequence config/reference.gb             --output results/split_alignments/4.fasta             --nthreads 1             --remove-reference             --fill-gaps
        
[Wed Jun 10 19:11:39 2020]
Finished job 36.
21 of 61 steps (34%) done

[Wed Jun 10 19:11:39 2020]
Job 47: 
        partitions_intermediate: Copying sequence fastas
        13
        

cp results/split_sequences/pre/13.fasta results/split_sequences/post/13.fasta
[Wed Jun 10 19:11:39 2020]
Finished job 47.
22 of 61 steps (36%) done

[Wed Jun 10 19:11:39 2020]
Job 26: 
        Aligning sequences to config/reference.gb
          - gaps relative to reference are considered real
        Cluster:  13
        


        augur align             --sequences results/split_sequences/post/13.fasta             --reference-sequence config/reference.gb             --output results/split_alignments/13.fasta             --nthreads 1             --remove-reference             --fill-gaps
        
[Wed Jun 10 19:12:26 2020]
Finished job 26.
23 of 61 steps (38%) done

[Wed Jun 10 19:12:26 2020]
Job 44: 
        partitions_intermediate: Copying sequence fastas
        10
        

cp results/split_sequences/pre/10.fasta results/split_sequences/post/10.fasta
[Wed Jun 10 19:12:27 2020]
Finished job 44.
24 of 61 steps (39%) done

[Wed Jun 10 19:12:27 2020]
Job 23: 
        Aligning sequences to config/reference.gb
          - gaps relative to reference are considered real
        Cluster:  10
        


        augur align             --sequences results/split_sequences/post/10.fasta             --reference-sequence config/reference.gb             --output results/split_alignments/10.fasta             --nthreads 1             --remove-reference             --fill-gaps
        
[Wed Jun 10 19:13:26 2020]
Finished job 23.
25 of 61 steps (41%) done

[Wed Jun 10 19:13:26 2020]
Job 49: 
        partitions_intermediate: Copying sequence fastas
        15
        

cp results/split_sequences/pre/15.fasta results/split_sequences/post/15.fasta
[Wed Jun 10 19:13:26 2020]
Finished job 49.
26 of 61 steps (43%) done

[Wed Jun 10 19:13:26 2020]
Job 28: 
        Aligning sequences to config/reference.gb
          - gaps relative to reference are considered real
        Cluster:  15
        


        augur align             --sequences results/split_sequences/post/15.fasta             --reference-sequence config/reference.gb             --output results/split_alignments/15.fasta             --nthreads 1             --remove-reference             --fill-gaps
        
[Wed Jun 10 19:14:23 2020]
Finished job 28.
27 of 61 steps (44%) done

[Wed Jun 10 19:14:23 2020]
Job 54: 
        partitions_intermediate: Copying sequence fastas
        2
        

cp results/split_sequences/pre/2.fasta results/split_sequences/post/2.fasta
[Wed Jun 10 19:14:24 2020]
Finished job 54.
28 of 61 steps (46%) done

[Wed Jun 10 19:14:24 2020]
Job 33: 
        Aligning sequences to config/reference.gb
          - gaps relative to reference are considered real
        Cluster:  2
        


        augur align             --sequences results/split_sequences/post/2.fasta             --reference-sequence config/reference.gb             --output results/split_alignments/2.fasta             --nthreads 1             --remove-reference             --fill-gaps
        
[Wed Jun 10 19:15:10 2020]
Finished job 33.
29 of 61 steps (48%) done

[Wed Jun 10 19:15:10 2020]
Job 61: 
        partitions_intermediate: Copying sequence fastas
        8
        

cp results/split_sequences/pre/8.fasta results/split_sequences/post/8.fasta
[Wed Jun 10 19:15:11 2020]
Finished job 61.
30 of 61 steps (49%) done

[Wed Jun 10 19:15:11 2020]
Job 40: 
        Aligning sequences to config/reference.gb
          - gaps relative to reference are considered real
        Cluster:  8
        


        augur align             --sequences results/split_sequences/post/8.fasta             --reference-sequence config/reference.gb             --output results/split_alignments/8.fasta             --nthreads 1             --remove-reference             --fill-gaps
        
[Wed Jun 10 19:16:08 2020]
Finished job 40.
31 of 61 steps (51%) done

[Wed Jun 10 19:16:08 2020]
Job 51: 
        partitions_intermediate: Copying sequence fastas
        17
        

cp results/split_sequences/pre/17.fasta results/split_sequences/post/17.fasta
[Wed Jun 10 19:16:08 2020]
Finished job 51.
32 of 61 steps (52%) done

[Wed Jun 10 19:16:08 2020]
Job 30: 
        Aligning sequences to config/reference.gb
          - gaps relative to reference are considered real
        Cluster:  17
        


        augur align             --sequences results/split_sequences/post/17.fasta             --reference-sequence config/reference.gb             --output results/split_alignments/17.fasta             --nthreads 1             --remove-reference             --fill-gaps
        
[Wed Jun 10 19:17:07 2020]
Finished job 30.
33 of 61 steps (54%) done

[Wed Jun 10 19:17:07 2020]
Job 56: 
        partitions_intermediate: Copying sequence fastas
        3
        

cp results/split_sequences/pre/3.fasta results/split_sequences/post/3.fasta
[Wed Jun 10 19:17:07 2020]
Finished job 56.
34 of 61 steps (56%) done

[Wed Jun 10 19:17:07 2020]
Job 35: 
        Aligning sequences to config/reference.gb
          - gaps relative to reference are considered real
        Cluster:  3
        


        augur align             --sequences results/split_sequences/post/3.fasta             --reference-sequence config/reference.gb             --output results/split_alignments/3.fasta             --nthreads 1             --remove-reference             --fill-gaps
        
[Wed Jun 10 19:18:06 2020]
Finished job 35.
35 of 61 steps (57%) done

[Wed Jun 10 19:18:06 2020]
Job 42: 
        partitions_intermediate: Copying sequence fastas
        0
        

cp results/split_sequences/pre/0.fasta results/split_sequences/post/0.fasta
[Wed Jun 10 19:18:07 2020]
Finished job 42.
36 of 61 steps (59%) done

[Wed Jun 10 19:18:07 2020]
Job 21: 
        Aligning sequences to config/reference.gb
          - gaps relative to reference are considered real
        Cluster:  0
        


        augur align             --sequences results/split_sequences/post/0.fasta             --reference-sequence config/reference.gb             --output results/split_alignments/0.fasta             --nthreads 1             --remove-reference             --fill-gaps
        
[Wed Jun 10 19:19:03 2020]
Finished job 21.
37 of 61 steps (61%) done

[Wed Jun 10 19:19:03 2020]
Job 62: 
        partitions_intermediate: Copying sequence fastas
        9
        

cp results/split_sequences/pre/9.fasta results/split_sequences/post/9.fasta
[Wed Jun 10 19:19:03 2020]
Finished job 62.
38 of 61 steps (62%) done

[Wed Jun 10 19:19:03 2020]
Job 41: 
        Aligning sequences to config/reference.gb
          - gaps relative to reference are considered real
        Cluster:  9
        


        augur align             --sequences results/split_sequences/post/9.fasta             --reference-sequence config/reference.gb             --output results/split_alignments/9.fasta             --nthreads 1             --remove-reference             --fill-gaps
        
[Wed Jun 10 19:19:59 2020]
Finished job 41.
39 of 61 steps (64%) done

[Wed Jun 10 19:19:59 2020]
Job 43: 
        partitions_intermediate: Copying sequence fastas
        1
        

cp results/split_sequences/pre/1.fasta results/split_sequences/post/1.fasta
[Wed Jun 10 19:20:00 2020]
Finished job 43.
40 of 61 steps (66%) done

[Wed Jun 10 19:20:00 2020]
Job 22: 
        Aligning sequences to config/reference.gb
          - gaps relative to reference are considered real
        Cluster:  1
        


        augur align             --sequences results/split_sequences/post/1.fasta             --reference-sequence config/reference.gb             --output results/split_alignments/1.fasta             --nthreads 1             --remove-reference             --fill-gaps
        
[Wed Jun 10 19:20:57 2020]
Finished job 22.
41 of 61 steps (67%) done

[Wed Jun 10 19:20:57 2020]
Job 53: 
        partitions_intermediate: Copying sequence fastas
        19
        

cp results/split_sequences/pre/19.fasta results/split_sequences/post/19.fasta
[Wed Jun 10 19:20:57 2020]
Finished job 53.
42 of 61 steps (69%) done

[Wed Jun 10 19:20:57 2020]
Job 32: 
        Aligning sequences to config/reference.gb
          - gaps relative to reference are considered real
        Cluster:  19
        


        augur align             --sequences results/split_sequences/post/19.fasta             --reference-sequence config/reference.gb             --output results/split_alignments/19.fasta             --nthreads 1             --remove-reference             --fill-gaps
        
[Wed Jun 10 19:21:43 2020]
Finished job 32.
43 of 61 steps (70%) done

[Wed Jun 10 19:21:43 2020]
Job 52: 
        partitions_intermediate: Copying sequence fastas
        18
        

cp results/split_sequences/pre/18.fasta results/split_sequences/post/18.fasta
[Wed Jun 10 19:21:43 2020]
Finished job 52.
44 of 61 steps (72%) done

[Wed Jun 10 19:21:43 2020]
Job 31: 
        Aligning sequences to config/reference.gb
          - gaps relative to reference are considered real
        Cluster:  18
        


        augur align             --sequences results/split_sequences/post/18.fasta             --reference-sequence config/reference.gb             --output results/split_alignments/18.fasta             --nthreads 1             --remove-reference             --fill-gaps
        
[Wed Jun 10 19:22:27 2020]
Finished job 31.
45 of 61 steps (74%) done

[Wed Jun 10 19:22:27 2020]
Job 55: 
        partitions_intermediate: Copying sequence fastas
        20
        

cp results/split_sequences/pre/20.fasta results/split_sequences/post/20.fasta
[Wed Jun 10 19:22:27 2020]
Finished job 55.
46 of 61 steps (75%) done

[Wed Jun 10 19:22:27 2020]
Job 34: 
        Aligning sequences to config/reference.gb
          - gaps relative to reference are considered real
        Cluster:  20
        


        augur align             --sequences results/split_sequences/post/20.fasta             --reference-sequence config/reference.gb             --output results/split_alignments/20.fasta             --nthreads 1             --remove-reference             --fill-gaps
        
[Wed Jun 10 19:22:41 2020]
Finished job 34.
47 of 61 steps (77%) done

[Wed Jun 10 19:22:41 2020]
Job 20: Collecting alignments


        cat results/split_alignments/0.fasta results/split_alignments/1.fasta results/split_alignments/10.fasta results/split_alignments/11.fasta results/split_alignments/12.fasta results/split_alignments/13.fasta results/split_alignments/14.fasta results/split_alignments/15.fasta results/split_alignments/16.fasta results/split_alignments/17.fasta results/split_alignments/18.fasta results/split_alignments/19.fasta results/split_alignments/2.fasta results/split_alignments/20.fasta results/split_alignments/3.fasta results/split_alignments/4.fasta results/split_alignments/5.fasta results/split_alignments/6.fasta results/split_alignments/7.fasta results/split_alignments/8.fasta results/split_alignments/9.fasta > results/aligned.fasta
        
[Wed Jun 10 19:22:52 2020]
Finished job 20.
48 of 61 steps (79%) done

[Wed Jun 10 19:22:52 2020]
Job 9: 
        Mask bases in alignment
          - masking 130 from beginning
          - masking 50 from end
          - masking other sites: 18529 29849 29851 29853
        


        python3 scripts/mask-alignment.py             --alignment results/aligned.fasta             --mask-from-beginning 130             --mask-from-end 50             --mask-sites 18529 29849 29851 29853             --output results/masked.fasta
        
[Wed Jun 10 19:23:00 2020]
Finished job 9.
49 of 61 steps (80%) done

[Wed Jun 10 19:23:00 2020]
rule subsample:
    input: results/masked.fasta
    output: results/subsampled_alignment.fasta
    jobid: 16
    wildcards: region=


        cp results/masked.fasta results/subsampled_alignment.fasta
        
[Wed Jun 10 19:23:09 2020]
Finished job 16.
50 of 61 steps (82%) done

[Wed Jun 10 19:23:09 2020]
Job 8: Building tree


        augur tree             --alignment results/subsampled_alignment.fasta             --output results/tree_raw.nwk             --nthreads 1
        
[Wed Jun 10 21:07:33 2020]
Finished job 8.
51 of 61 steps (84%) done

[Wed Jun 10 21:07:33 2020]
Job 4: 
        Refining tree
          - estimate timetree
          - use skyline coalescent timescale
          - estimate marginal node dates
        


        augur refine             --tree results/tree_raw.nwk             --alignment results/masked.fasta             --metadata results/metadata_adjusted.tsv             --output-tree results/tree.nwk             --output-node-data results/branch_lengths.json             --root Wuhan-Hu-1/2019 Wuhan/WH01/2019             --timetree             --clock-rate 0.0008             --clock-std-dev 0.0004             --coalescent skyline             --date-inference marginal             --divergence-unit mutations             --date-confidence             --no-covariance             --clock-filter-iqd 4
        
[Wed Jun 10 23:13:06 2020]
Finished job 4.
52 of 61 steps (85%) done

[Wed Jun 10 23:13:06 2020]
Job 11: 
        Reconstructing ancestral sequences and mutations
          - inferring ambiguous mutations
        


        augur ancestral             --tree results/tree.nwk             --alignment results/masked.fasta             --output-node-data results/nt_muts.json             --inference joint             --infer-ambiguous
        
[Wed Jun 10 23:17:37 2020]
Finished job 11.
53 of 61 steps (87%) done

[Wed Jun 10 23:17:37 2020]
Job 12: Translating amino acid sequences


        augur translate             --tree results/tree.nwk             --ancestral-sequences results/nt_muts.json             --reference-sequence config/reference.gb             --output-node-data results/aa_muts.json         
[Wed Jun 10 23:19:14 2020]
Finished job 12.
54 of 61 steps (89%) done

[Wed Jun 10 23:19:14 2020]
Job 14: Adding internal clade labels


        augur clades --tree results/tree.nwk             --mutations results/nt_muts.json results/aa_muts.json             --clades config/clades.tsv             --output-node-data results/clades.json
        
[Wed Jun 10 23:19:19 2020]
Finished job 14.
55 of 61 steps (90%) done

[Wed Jun 10 23:19:19 2020]
Job 13: 
        Inferring ancestral traits for country_exposure
          - increase uncertainty of reconstruction by 2.5 to partially account for sampling bias
        


        augur traits             --tree results/tree.nwk             --metadata results/metadata_adjusted.tsv             --output results/traits.json             --columns country_exposure             --confidence             --sampling-bias-correction 2.5         
[Wed Jun 10 23:36:16 2020]
Finished job 13.
56 of 61 steps (92%) done

[Wed Jun 10 23:36:16 2020]
Job 6: Exporting data files for for auspice


        augur export v2             --tree results/tree.nwk             --metadata results/metadata_adjusted.tsv             --node-data results/branch_lengths.json results/nt_muts.json results/aa_muts.json results/traits.json results/clades.json results/recency.json             --auspice-config config/auspice_config.json             --colors config/colors.tsv             --lat-longs config/lat_longs.tsv             --title 'Genomic epidemiology of novel coronavirus'             --description config/description.md             --output results/ncov_with_accessions.json
        
[Wed Jun 10 23:36:46 2020]
Error in rule export:
    jobid: 6
    output: results/ncov_with_accessions.json
    shell:
        
        augur export v2             --tree results/tree.nwk             --metadata results/metadata_adjusted.tsv             --node-data results/branch_lengths.json results/nt_muts.json results/aa_muts.json results/traits.json results/clades.json results/recency.json             --auspice-config config/auspice_config.json             --colors config/colors.tsv             --lat-longs config/lat_longs.tsv             --title 'Genomic epidemiology of novel coronavirus'             --description config/description.md             --output results/ncov_with_accessions.json
        
        (one of the commands exited with non-zero exit code; note that snakemake uses bash strict mode!)

Removing output files of failed job export since they might be corrupted:
results/ncov_with_accessions.json
Shutting down, this might take some time.
Exiting because a job execution failed. Look above for error message
Complete log: /nextstrain/build/.snakemake/log/2020-06-10T190224.562831.snakemake.log
