Building DAG of jobs...
Updating job 17 (aggregate_alignments).
Using shell: /bin/bash
Provided cores: 1 (use --cores to define parallelism)
Rules claiming more threads will be scaled down.
Job counts:
	count	jobs
	1	all
	1	ancestral
	1	clades
	1	export
	1	fix_colorings
	1	incorporate_travel_history
	1	refine
	1	tip_frequencies
	1	traits
	1	translate
	10

[Wed Jun 10 23:49:00 2020]
Job 4: 
        Refining tree
          - estimate timetree
          - use skyline coalescent timescale
          - estimate marginal node dates
        


        augur refine             --tree results/tree_raw.nwk             --alignment results/masked.fasta             --metadata results/metadata_adjusted.tsv             --output-tree results/tree.nwk             --output-node-data results/branch_lengths.json             --root Wuhan-Hu-1/2019 Wuhan/WH01/2019             --timetree             --clock-rate 0.0008             --clock-std-dev 0.0004             --coalescent skyline             --date-inference marginal             --divergence-unit mutations             --date-confidence             --no-covariance             --clock-filter-iqd 4
        
[Wed Jun 10 23:49:04 2020]
Error in rule refine:
    jobid: 4
    output: results/tree.nwk, results/branch_lengths.json
    shell:
        
        augur refine             --tree results/tree_raw.nwk             --alignment results/masked.fasta             --metadata results/metadata_adjusted.tsv             --output-tree results/tree.nwk             --output-node-data results/branch_lengths.json             --root Wuhan-Hu-1/2019 Wuhan/WH01/2019             --timetree             --clock-rate 0.0008             --clock-std-dev 0.0004             --coalescent skyline             --date-inference marginal             --divergence-unit mutations             --date-confidence             --no-covariance             --clock-filter-iqd 4
        
        (one of the commands exited with non-zero exit code; note that snakemake uses bash strict mode!)

Terminating processes on user request, this might take some time.
Complete log: /nextstrain/build/.snakemake/log/2020-06-10T234859.173773.snakemake.log
